<?xml version="1.0" encoding="UTF-8"?>
<Site BuildName="(empty)"
	BuildStamp="20260227-1615-Experimental"
	Name="(empty)"
	Generator="ctest-3.29.0-rc4"
	CompilerName=""
	CompilerVersion=""
	OSName="Windows"
	Hostname="Yassin"
	OSRelease=" Personal"
	OSVersion=" (Build 26200)"
	OSPlatform="AMD64"
	Is64Bits="1"
	VendorString="GenuineIntel"
	VendorID="Intel Corporation"
	FamilyID="6"
	ModelID="10"
	ProcessorCacheSize="-1"
	NumberOfLogicalCPU="20"
	NumberOfPhysicalCPU="14"
	TotalVirtualMemory="32022"
	TotalPhysicalMemory="16011"
	LogicalProcessorsPerPhysical="1"
	ProcessorClockFrequency="2688"
	>
	<Testing>
		<StartDateTime>Feb 27 18:49 Egypt Standard Time</StartDateTime>
		<StartTestTime>1772210994</StartTestTime>
		<TestList/>
		<EndDateTime>Feb 27 18:49 Egypt Standard Time</EndDateTime>
		<EndTestTime>1772210994</EndTestTime>
		<ElapsedMinutes>0</ElapsedMinutes>
	</Testing>
</Site>
